::1 - - [11/Aug/2025:16:57:28 +0000] "GET / HTTP/1.1" 200 16 "-" "PostmanRuntime/7.45.0"
::1 - - [14/Aug/2025:10:34:59 +0000] "POST /api/auth/add-roll HTTP/1.1" 400 32 "-" "PostmanRuntime/7.45.0"
::1 - - [14/Aug/2025:10:35:19 +0000] "POST /api/auth/add-roll HTTP/1.1" 400 32 "-" "PostmanRuntime/7.45.0"
::1 - - [14/Aug/2025:10:36:30 +0000] "POST /api/auth/add-roll HTTP/1.1" 400 32 "-" "PostmanRuntime/7.45.0"
::1 - - [14/Aug/2025:10:38:25 +0000] "POST /api/auth/add-roll HTTP/1.1" 200 135 "-" "PostmanRuntime/7.45.0"
::1 - - [14/Aug/2025:10:38:43 +0000] "POST /api/auth/register HTTP/1.1" 422 160 "-" "PostmanRuntime/7.45.0"
::1 - - [14/Aug/2025:10:39:07 +0000] "POST /api/auth/register HTTP/1.1" 422 82 "-" "PostmanRuntime/7.45.0"
::1 - - [14/Aug/2025:10:39:14 +0000] "POST /api/auth/register HTTP/1.1" 422 82 "-" "PostmanRuntime/7.45.0"
::1 - - [14/Aug/2025:10:39:20 +0000] "POST /api/auth/register HTTP/1.1" 400 55 "-" "PostmanRuntime/7.45.0"
::1 - - [14/Aug/2025:10:41:07 +0000] "POST /api/auth/register HTTP/1.1" 400 40 "-" "PostmanRuntime/7.45.0"
::1 - - [14/Aug/2025:10:42:04 +0000] "POST /api/auth/register HTTP/1.1" 400 35 "-" "PostmanRuntime/7.45.0"
::1 - - [14/Aug/2025:10:42:51 +0000] "POST /api/auth/register HTTP/1.1" 400 40 "-" "PostmanRuntime/7.45.0"
::1 - - [14/Aug/2025:10:44:25 +0000] "POST /api/auth/register HTTP/1.1" 400 40 "-" "PostmanRuntime/7.45.0"
::1 - - [14/Aug/2025:10:45:06 +0000] "POST /api/auth/register HTTP/1.1" 400 366 "-" "PostmanRuntime/7.45.0"
::1 - - [14/Aug/2025:18:19:31 +0000] "POST /api/auth/login HTTP/1.1" 400 29 "-" "PostmanRuntime/7.45.0"
::1 - - [14/Aug/2025:18:20:35 +0000] "POST /api/auth/login HTTP/1.1" 200 621 "-" "PostmanRuntime/7.45.0"
::1 - - [14/Aug/2025:18:26:23 +0000] "GET /api/auth/profile HTTP/1.1" 401 25 "-" "PostmanRuntime/7.45.0"
::1 - - [14/Aug/2025:18:27:44 +0000] "GET /api/auth/profile HTTP/1.1" 200 260 "-" "PostmanRuntime/7.45.0"
::1 - - [15/Aug/2025:10:01:05 +0000] "PUT /api/auth/profile HTTP/1.1" 401 25 "-" "PostmanRuntime/7.45.0"
::1 - - [15/Aug/2025:10:01:23 +0000] "POST /api/auth/login HTTP/1.1" 200 621 "-" "PostmanRuntime/7.45.0"
::1 - - [15/Aug/2025:10:01:35 +0000] "PUT /api/auth/profile HTTP/1.1" 401 25 "-" "PostmanRuntime/7.45.0"
::1 - - [15/Aug/2025:10:01:40 +0000] "PUT /api/auth/profile HTTP/1.1" 401 25 "-" "PostmanRuntime/7.45.0"
::1 - - [15/Aug/2025:10:02:05 +0000] "PUT /api/auth/profile HTTP/1.1" 200 30 "-" "PostmanRuntime/7.45.0"
::1 - - [15/Aug/2025:10:04:21 +0000] "PUT /api/auth/profile HTTP/1.1" 200 30 "-" "PostmanRuntime/7.45.0"
::1 - - [15/Aug/2025:10:05:32 +0000] "PUT /api/auth/profile HTTP/1.1" 200 30 "-" "PostmanRuntime/7.45.0"
::1 - - [15/Aug/2025:10:06:01 +0000] "PUT /api/auth/profile HTTP/1.1" 200 30 "-" "PostmanRuntime/7.45.0"
::1 - - [15/Aug/2025:10:09:41 +0000] "PUT /api/auth/profile HTTP/1.1" 200 30 "-" "PostmanRuntime/7.45.0"
::1 - - [15/Aug/2025:10:12:45 +0000] "PUT /api/auth/profile HTTP/1.1" 200 30 "-" "PostmanRuntime/7.45.0"
::1 - - [15/Aug/2025:10:13:01 +0000] "PUT /api/auth/profile HTTP/1.1" 200 30 "-" "PostmanRuntime/7.45.0"
::1 - - [15/Aug/2025:10:15:00 +0000] "PUT /api/auth/profile HTTP/1.1" 200 30 "-" "PostmanRuntime/7.45.0"
::1 - - [15/Aug/2025:10:15:14 +0000] "PUT /api/auth/profile HTTP/1.1" 200 30 "-" "PostmanRuntime/7.45.0"
::1 - - [15/Aug/2025:10:23:15 +0000] "PUT /api/auth/profile HTTP/1.1" 200 30 "-" "PostmanRuntime/7.45.0"
::1 - - [15/Aug/2025:10:23:35 +0000] "PUT /api/auth/profile HTTP/1.1" 200 30 "-" "PostmanRuntime/7.45.0"
::1 - - [16/Aug/2025:11:20:03 +0000] "POST /api/auth/add-roll HTTP/1.1" 200 149 "-" "PostmanRuntime/7.45.0"
::1 - - [16/Aug/2025:11:21:05 +0000] "POST /api/auth/register HTTP/1.1" 400 364 "-" "PostmanRuntime/7.45.0"
::1 - - [16/Aug/2025:11:21:45 +0000] "POST /api/auth/login HTTP/1.1" 200 612 "-" "PostmanRuntime/7.45.0"
::1 - - [16/Aug/2025:11:25:37 +0000] "GET /api/auth/users?role=teacher HTTP/1.1" 401 25 "-" "PostmanRuntime/7.45.0"
::1 - - [16/Aug/2025:11:26:05 +0000] "GET /api/auth/users?role=teacher HTTP/1.1" 403 41 "-" "PostmanRuntime/7.45.0"
::1 - - [16/Aug/2025:11:30:56 +0000] "POST /api/auth/login HTTP/1.1" 400 29 "-" "PostmanRuntime/7.45.0"
::1 - - [16/Aug/2025:11:31:35 +0000] "POST /api/auth/login HTTP/1.1" 400 29 "-" "PostmanRuntime/7.45.0"
::1 - - [16/Aug/2025:11:54:00 +0000] "POST /api/auth/login HTTP/1.1" 400 29 "-" "PostmanRuntime/7.45.0"
::1 - - [16/Aug/2025:11:54:47 +0000] "POST /api/auth/login HTTP/1.1" 400 29 "-" "PostmanRuntime/7.45.0"
::1 - - [16/Aug/2025:11:59:22 +0000] "POST /api/auth/login HTTP/1.1" 400 29 "-" "PostmanRuntime/7.45.0"
::1 - - [16/Aug/2025:12:00:47 +0000] "POST /api/auth/login HTTP/1.1" 400 29 "-" "PostmanRuntime/7.45.0"
::1 - - [16/Aug/2025:12:03:13 +0000] "POST /api/auth/login HTTP/1.1" 400 29 "-" "PostmanRuntime/7.45.0"
::1 - - [16/Aug/2025:12:03:51 +0000] "POST /api/auth/login HTTP/1.1" 200 780 "-" "PostmanRuntime/7.45.0"
::1 - - [16/Aug/2025:12:05:05 +0000] "POST /api/auth/login HTTP/1.1" 400 29 "-" "PostmanRuntime/7.45.0"
::1 - - [16/Aug/2025:12:07:51 +0000] "POST /api/auth/login HTTP/1.1" 400 29 "-" "PostmanRuntime/7.45.0"
::1 - - [16/Aug/2025:12:54:56 +0000] "POST /api/auth/login HTTP/1.1" 400 29 "-" "PostmanRuntime/7.45.0"
::1 - - [16/Aug/2025:13:04:33 +0000] "POST /api/auth/login HTTP/1.1" 200 785 "-" "PostmanRuntime/7.45.0"
::1 - - [16/Aug/2025:13:06:54 +0000] "GET /api/auth/users?role=teacher HTTP/1.1" 403 41 "-" "PostmanRuntime/7.45.0"
::1 - - [16/Aug/2025:13:09:50 +0000] "POST /api/auth/login HTTP/1.1" 200 461 "-" "PostmanRuntime/7.45.0"
::1 - - [16/Aug/2025:13:10:13 +0000] "GET /api/auth/users?role=teacher HTTP/1.1" 403 41 "-" "PostmanRuntime/7.45.0"
::1 - - [16/Aug/2025:13:11:06 +0000] "GET /api/auth/users?role=teacher HTTP/1.1" 500 38 "-" "PostmanRuntime/7.45.0"
::1 - - [16/Aug/2025:13:12:48 +0000] "GET /api/auth/users?role=teacher HTTP/1.1" 500 40 "-" "PostmanRuntime/7.45.0"
::1 - - [16/Aug/2025:13:13:09 +0000] "GET /api/auth/users?role=teacher HTTP/1.1" 200 653 "-" "PostmanRuntime/7.45.0"
::1 - - [16/Aug/2025:13:15:31 +0000] "GET /api/auth/users?role=teacher HTTP/1.1" 500 107 "-" "PostmanRuntime/7.45.0"
::1 - - [16/Aug/2025:13:51:58 +0000] "GET /api/auth/users?role=teacher HTTP/1.1" 500 107 "-" "PostmanRuntime/7.45.0"
::1 - - [16/Aug/2025:13:52:40 +0000] "GET /api/auth/users?role=teacher HTTP/1.1" 500 107 "-" "PostmanRuntime/7.45.0"
::1 - - [16/Aug/2025:13:55:52 +0000] "GET /api/auth/users?role=teacher HTTP/1.1" 500 107 "-" "PostmanRuntime/7.45.0"
::1 - - [16/Aug/2025:13:57:48 +0000] "GET /api/auth/users?role=teacher HTTP/1.1" 200 349 "-" "PostmanRuntime/7.45.0"
::1 - - [16/Aug/2025:14:21:04 +0000] "GET /api/auth/users?role=admin HTTP/1.1" 200 565 "-" "PostmanRuntime/7.45.0"
::1 - - [16/Aug/2025:14:21:22 +0000] "GET /api/auth/users?role=teacher HTTP/1.1" 200 349 "-" "PostmanRuntime/7.45.0"
::1 - - [16/Aug/2025:14:21:31 +0000] "GET /api/auth/users?role=admin HTTP/1.1" 200 565 "-" "PostmanRuntime/7.45.0"
::1 - - [16/Aug/2025:18:09:46 +0000] "POST /api/auth/course HTTP/1.1" 422 170 "-" "PostmanRuntime/7.45.0"
::1 - - [16/Aug/2025:18:10:16 +0000] "POST /api/auth/course HTTP/1.1" 200 45 "-" "PostmanRuntime/7.45.0"
::1 - - [16/Aug/2025:18:11:18 +0000] "POST /api/auth/course HTTP/1.1" 400 35 "-" "PostmanRuntime/7.45.0"
::1 - - [16/Aug/2025:18:12:03 +0000] "POST /api/auth/course HTTP/1.1" 200 276 "-" "PostmanRuntime/7.45.0"
::1 - - [16/Aug/2025:18:16:05 +0000] "POST /api/auth/batch HTTP/1.1" 500 1685 "-" "PostmanRuntime/7.45.0"
::1 - - [16/Aug/2025:18:19:04 +0000] "POST /api/auth/batch HTTP/1.1" 500 1685 "-" "PostmanRuntime/7.45.0"
::1 - - [16/Aug/2025:18:22:44 +0000] "POST /api/auth/batch HTTP/1.1" 500 1685 "-" "PostmanRuntime/7.45.0"
::1 - - [16/Aug/2025:18:25:47 +0000] "POST /api/auth/batch HTTP/1.1" 422 151 "-" "PostmanRuntime/7.45.0"
::1 - - [16/Aug/2025:18:26:51 +0000] "POST /api/auth/batch HTTP/1.1" 422 151 "-" "PostmanRuntime/7.45.0"
::1 - - [16/Aug/2025:18:29:21 +0000] "POST /api/auth/batch HTTP/1.1" 400 31 "-" "PostmanRuntime/7.45.0"
::1 - - [16/Aug/2025:18:29:41 +0000] "POST /api/auth/batch HTTP/1.1" 200 44 "-" "PostmanRuntime/7.45.0"
::1 - - [16/Aug/2025:18:34:04 +0000] "POST /api/auth/batch HTTP/1.1" 200 269 "-" "PostmanRuntime/7.45.0"
::1 - - [16/Aug/2025:18:34:10 +0000] "POST /api/auth/batch HTTP/1.1" 400 34 "-" "PostmanRuntime/7.45.0"
